[0.012s] Invoking command in '/root/ros2_ws/src/robotica/build/lazo_abierto': AMENT_PREFIX_PATH=/root/ros2_ws/src/robotica/install/robmovil_msgs:${AMENT_PREFIX_PATH} CMAKE_PREFIX_PATH=/root/ros2_ws/src/robotica/install/robmovil_msgs:/root/ros2_ws/install/sim_ros2_interface:/root/ros2_ws/install/modelo_omnidireccional:/root/ros2_ws/install/robmovil_msgs:/opt/ros/humble LD_LIBRARY_PATH=/root/ros2_ws/src/robotica/install/robmovil_msgs/lib:/root/ros2_ws/install/robmovil_msgs/lib:/usr/lib/x86_64-linux-gnu/gazebo-11/plugins:/opt/ros/humble/opt/rviz_ogre_vendor/lib:/opt/ros/humble/lib/x86_64-linux-gnu:/opt/ros/humble/lib:/usr/lib/x86_64-linux-gnu/gazebo-11/plugins PYTHONPATH=/root/ros2_ws/src/robotica/install/robmovil_msgs/local/lib/python3.10/dist-packages:${PYTHONPATH} /usr/bin/cmake /root/ros2_ws/src/robotica/lazo_abierto -DCMAKE_INSTALL_PREFIX=/root/ros2_ws/src/robotica/install/lazo_abierto
[0.085s] -- The C compiler identification is GNU 11.4.0
[0.151s] -- The CXX compiler identification is GNU 11.4.0
[0.160s] -- Detecting C compiler ABI info
[0.237s] -- Detecting C compiler ABI info - done
[0.245s] -- Check for working C compiler: /usr/bin/cc - skipped
[0.246s] -- Detecting C compile features
[0.246s] -- Detecting C compile features - done
[0.250s] -- Detecting CXX compiler ABI info
[0.372s] -- Detecting CXX compiler ABI info - done
[0.389s] -- Check for working CXX compiler: /usr/bin/c++ - skipped
[0.389s] -- Detecting CXX compile features
[0.390s] -- Detecting CXX compile features - done
[0.396s] -- Found rclcpp: 16.0.15 (/opt/ros/humble/share/rclcpp/cmake)
[0.561s] -- Found Python3: /usr/bin/python3 (found version "3.10.12") found components: Interpreter 
[0.753s] -- Found rosidl_generator_c: 3.1.7 (/opt/ros/humble/share/rosidl_generator_c/cmake)
[0.760s] -- Found rosidl_adapter: 3.1.7 (/opt/ros/humble/share/rosidl_adapter/cmake)
[0.771s] -- Found rosidl_generator_cpp: 3.1.7 (/opt/ros/humble/share/rosidl_generator_cpp/cmake)
[0.787s] -- Using all available rosidl_typesupport_c: rosidl_typesupport_fastrtps_c;rosidl_typesupport_introspection_c
[0.811s] -- Using all available rosidl_typesupport_cpp: rosidl_typesupport_fastrtps_cpp;rosidl_typesupport_introspection_cpp
[0.895s] -- Found rmw_implementation_cmake: 6.1.2 (/opt/ros/humble/share/rmw_implementation_cmake/cmake)
[0.901s] -- Found rmw_fastrtps_cpp: 6.2.9 (/opt/ros/humble/share/rmw_fastrtps_cpp/cmake)
[1.035s] -- Found OpenSSL: /usr/lib/x86_64-linux-gnu/libcrypto.so (found version "3.0.2")  
[1.072s] -- Found FastRTPS: /opt/ros/humble/include  
[1.136s] -- Using RMW implementation 'rmw_fastrtps_cpp' as default
[1.153s] -- Looking for pthread.h
[1.230s] -- Looking for pthread.h - found
[1.231s] -- Performing Test CMAKE_HAVE_LIBC_PTHREAD
[1.304s] -- Performing Test CMAKE_HAVE_LIBC_PTHREAD - Success
[1.305s] -- Found Threads: TRUE  
[1.377s] -- Found geometry_msgs: 4.9.0 (/opt/ros/humble/share/geometry_msgs/cmake)
[1.391s] -- Found robmovil_msgs: 0.0.0 (/root/ros2_ws/src/robotica/install/robmovil_msgs/share/robmovil_msgs/cmake)
[1.407s] -- Found nav_msgs: 4.9.0 (/opt/ros/humble/share/nav_msgs/cmake)
[1.433s] -- Found tf2: 0.25.16 (/opt/ros/humble/share/tf2/cmake)
[1.456s] -- Found tf2_geometry_msgs: 0.25.16 (/opt/ros/humble/share/tf2_geometry_msgs/cmake)
[1.488s] -- Found eigen3_cmake_module: 0.1.1 (/opt/ros/humble/share/eigen3_cmake_module/cmake)
[1.490s] -- Found Eigen3: TRUE (found version "3.4.0") 
[1.490s] -- Ensuring Eigen3 include directory is part of orocos-kdl CMake target
[1.682s] -- Configuring done
[1.704s] -- Generating done
[1.716s] -- Build files have been written to: /root/ros2_ws/src/robotica/build/lazo_abierto
[1.727s] Invoked command in '/root/ros2_ws/src/robotica/build/lazo_abierto' returned '0': AMENT_PREFIX_PATH=/root/ros2_ws/src/robotica/install/robmovil_msgs:${AMENT_PREFIX_PATH} CMAKE_PREFIX_PATH=/root/ros2_ws/src/robotica/install/robmovil_msgs:/root/ros2_ws/install/sim_ros2_interface:/root/ros2_ws/install/modelo_omnidireccional:/root/ros2_ws/install/robmovil_msgs:/opt/ros/humble LD_LIBRARY_PATH=/root/ros2_ws/src/robotica/install/robmovil_msgs/lib:/root/ros2_ws/install/robmovil_msgs/lib:/usr/lib/x86_64-linux-gnu/gazebo-11/plugins:/opt/ros/humble/opt/rviz_ogre_vendor/lib:/opt/ros/humble/lib/x86_64-linux-gnu:/opt/ros/humble/lib:/usr/lib/x86_64-linux-gnu/gazebo-11/plugins PYTHONPATH=/root/ros2_ws/src/robotica/install/robmovil_msgs/local/lib/python3.10/dist-packages:${PYTHONPATH} /usr/bin/cmake /root/ros2_ws/src/robotica/lazo_abierto -DCMAKE_INSTALL_PREFIX=/root/ros2_ws/src/robotica/install/lazo_abierto
[1.728s] Invoking command in '/root/ros2_ws/src/robotica/build/lazo_abierto': AMENT_PREFIX_PATH=/root/ros2_ws/src/robotica/install/robmovil_msgs:${AMENT_PREFIX_PATH} CMAKE_PREFIX_PATH=/root/ros2_ws/src/robotica/install/robmovil_msgs:/root/ros2_ws/install/sim_ros2_interface:/root/ros2_ws/install/modelo_omnidireccional:/root/ros2_ws/install/robmovil_msgs:/opt/ros/humble LD_LIBRARY_PATH=/root/ros2_ws/src/robotica/install/robmovil_msgs/lib:/root/ros2_ws/install/robmovil_msgs/lib:/usr/lib/x86_64-linux-gnu/gazebo-11/plugins:/opt/ros/humble/opt/rviz_ogre_vendor/lib:/opt/ros/humble/lib/x86_64-linux-gnu:/opt/ros/humble/lib:/usr/lib/x86_64-linux-gnu/gazebo-11/plugins PYTHONPATH=/root/ros2_ws/src/robotica/install/robmovil_msgs/local/lib/python3.10/dist-packages:${PYTHONPATH} /usr/bin/cmake --build /root/ros2_ws/src/robotica/build/lazo_abierto -- -j4 -l4
[1.785s] [ 14%] [32mBuilding CXX object CMakeFiles/trajectory_generator.dir/src/trajectory_generator_node.cpp.o[0m
[1.811s] [ 28%] [32mBuilding CXX object CMakeFiles/trajectory_controller.dir/src/TrajectoryFollower.cpp.o[0m
[5.868s] In file included from [01m[K/root/ros2_ws/src/robotica/lazo_abierto/src/TrajectoryFollower.cpp:1[m[K:
[5.869s] [01m[K/root/ros2_ws/src/robotica/lazo_abierto/include/lazo_abierto/TrajectoryFollower.h:21:1:[m[K [01;31m[Kerror: [m[Kversion control conflict marker in file
[5.869s]    21 | [01;31m[K<<<<<<<[m[K HEAD
[5.869s]       | [01;31m[K^~~~~~~[m[K
[5.869s] [01m[K/root/ros2_ws/src/robotica/lazo_abierto/include/lazo_abierto/TrajectoryFollower.h:23:1:[m[K [01;31m[Kerror: [m[Kversion control conflict marker in file
[5.869s]    23 | [01;31m[K=======[m[K
[5.870s]       | [01;31m[K^~~~~~~[m[K
[5.870s] [01m[K/root/ros2_ws/src/robotica/lazo_abierto/include/lazo_abierto/TrajectoryFollower.h:25:1:[m[K [01;31m[Kerror: [m[Kversion control conflict marker in file
[5.870s]    25 | [01;31m[K>>>>>>>[m[K b63f5b9a05067ef0ad2a2c8a33cc374104bdce38
[5.870s]       | [01;31m[K^~~~~~~[m[K
[5.972s] [01m[K/root/ros2_ws/src/robotica/lazo_abierto/src/TrajectoryFollower.cpp:[m[K In member function â€˜[01m[Kvoid TrajectoryFollower::timerCallback()[m[Kâ€™:
[5.972s] [01m[K/root/ros2_ws/src/robotica/lazo_abierto/src/TrajectoryFollower.cpp:37:11:[m[K [01;31m[Kerror: [m[Kâ€˜[01m[Kcontrol[m[Kâ€™ was not declared in this scope
[5.972s]    37 |   if( not [01;31m[Kcontrol[m[K(t, vx, vy, w) ) {
[5.972s]       |           [01;31m[K^~~~~~~[m[K
[6.199s] [01m[K/root/ros2_ws/src/robotica/lazo_abierto/src/trajectory_generator_node.cpp:[m[K In function â€˜[01m[Kint main(int, char**)[m[Kâ€™:
[6.200s] [01m[K/root/ros2_ws/src/robotica/lazo_abierto/src/trajectory_generator_node.cpp:51:114:[m[K [01;35m[Kwarning: [m[Kconverting to â€˜[01m[Kconst ParameterDescriptor[m[Kâ€™ {aka â€˜[01m[Kconst rcl_interfaces::msg::ParameterDescriptor_<std::allocator<void> >[m[Kâ€™} from initializer list would use explicit constructor â€˜[01m[Krcl_interfaces::msg::ParameterDescriptor_<ContainerAllocator>::ParameterDescriptor_(rosidl_runtime_cpp::MessageInitialization) [with ContainerAllocator = std::allocator<void>][m[Kâ€™
[6.200s]    51 |     std::vector<double> spline_waypoints_data = [01;35m[Ktrajectory_generator_node->declare_parameter<std::vector<double>>("spline_waypoints", {})[m[K;
[6.200s]       |                                                 [01;35m[K~~~~~~~~~~~~~~~~~~~~~~~~~~~~~~~~~~~~~~~~~~~~~~~~~~~~~~~~~~~~~~~~~^~~~~~~~~~~~~~~~~~~~~~~~[m[K
[6.200s] [01m[K/root/ros2_ws/src/robotica/lazo_abierto/src/trajectory_generator_node.cpp:51:114:[m[K [01;36m[Knote: [m[Kin C++11 and above a default constructor can be explicit
[6.216s] [01m[K/root/ros2_ws/src/robotica/lazo_abierto/src/trajectory_generator_node.cpp:[m[K In function â€˜[01m[Kvoid build_spline_trajectory(double, std::vector<std::vector<double, std::allocator<double> > >&, robmovil_msgs::msg::Trajectory&, nav_msgs::msg::Path&)[m[Kâ€™:
[6.216s] [01m[K/root/ros2_ws/src/robotica/lazo_abierto/src/trajectory_generator_node.cpp:187:5:[m[K [01;31m[Kerror: [m[Kexpected â€˜[01m[K,[m[Kâ€™ or â€˜[01m[K;[m[Kâ€™ before â€˜[01m[Kdouble[m[Kâ€™
[6.217s]   187 |     [01;31m[Kdouble[m[K a2 = 3 * (xb - xa) / final_time**2 - 2 * v_x_a / final_time - v_x_b / final_time;
[6.217s]       |     [01;31m[K^~~~~~[m[K
[6.217s] [01m[K/root/ros2_ws/src/robotica/lazo_abierto/src/trajectory_generator_node.cpp:188:44:[m[K [01;31m[Kerror: [m[Kinvalid type argument of unary â€˜[01m[K*[m[Kâ€™ (have â€˜[01m[Kint[m[Kâ€™)
[6.217s]   188 |     double a3 = -2 * (xb - xa) /final_time*[01;31m[K*3[m[K  + (v_x_b - v_x_a) / final_time**2;
[6.218s]       |                                            [01;31m[K^~[m[K
[6.218s] [01m[K/root/ros2_ws/src/robotica/lazo_abierto/src/trajectory_generator_node.cpp:188:79:[m[K [01;31m[Kerror: [m[Kinvalid type argument of unary â€˜[01m[K*[m[Kâ€™ (have â€˜[01m[Kint[m[Kâ€™)
[6.218s]   188 |     double a3 = -2 * (xb - xa) /final_time**3  + (v_x_b - v_x_a) / final_time*[01;31m[K*2[m[K;
[6.218s]       |                                                                               [01;31m[K^~[m[K
[6.218s] [01m[K/root/ros2_ws/src/robotica/lazo_abierto/src/trajectory_generator_node.cpp:191:5:[m[K [01;31m[Kerror: [m[Kexpected â€˜[01m[K,[m[Kâ€™ or â€˜[01m[K;[m[Kâ€™ before â€˜[01m[Kdouble[m[Kâ€™
[6.218s]   191 |     [01;31m[Kdouble[m[K b2 = 3 * (yb - ya) / final_time**2 - 2 * v_y_a / final_time - v_y_b / final_time;
[6.218s]       |     [01;31m[K^~~~~~[m[K
[6.218s] [01m[K/root/ros2_ws/src/robotica/lazo_abierto/src/trajectory_generator_node.cpp:192:44:[m[K [01;31m[Kerror: [m[Kinvalid type argument of unary â€˜[01m[K*[m[Kâ€™ (have â€˜[01m[Kint[m[Kâ€™)
[6.218s]   192 |     double b3 = -2 * (yb - ya) /final_time*[01;31m[K*3[m[K  + (v_y_b - v_y_a) / final_time**2;
[6.218s]       |                                            [01;31m[K^~[m[K
[6.218s] [01m[K/root/ros2_ws/src/robotica/lazo_abierto/src/trajectory_generator_node.cpp:192:79:[m[K [01;31m[Kerror: [m[Kinvalid type argument of unary â€˜[01m[K*[m[Kâ€™ (have â€˜[01m[Kint[m[Kâ€™)
[6.218s]   192 |     double b3 = -2 * (yb - ya) /final_time**3  + (v_y_b - v_y_a) / final_time*[01;31m[K*2[m[K;
[6.218s]       |                                                                               [01;31m[K^~[m[K
[6.218s] [01m[K/root/ros2_ws/src/robotica/lazo_abierto/src/trajectory_generator_node.cpp:195:5:[m[K [01;31m[Kerror: [m[Kexpected â€˜[01m[K,[m[Kâ€™ or â€˜[01m[K;[m[Kâ€™ before â€˜[01m[Kdouble[m[Kâ€™
[6.218s]   195 |     [01;31m[Kdouble[m[K c2 = 3 * (thetab - thetaa) / final_time**2 - 2 * w_a / final_time - w_b / final_time;
[6.218s]       |     [01;31m[K^~~~~~[m[K
[6.218s] [01m[K/root/ros2_ws/src/robotica/lazo_abierto/src/trajectory_generator_node.cpp:196:52:[m[K [01;31m[Kerror: [m[Kinvalid type argument of unary â€˜[01m[K*[m[Kâ€™ (have â€˜[01m[Kint[m[Kâ€™)
[6.219s]   196 |     double c3 = -2 * (thetab - thetaa) /final_time*[01;31m[K*3[m[K  + (w_b - w_a) / final_time**2;
[6.219s]       |                                                    [01;31m[K^~[m[K
[6.219s] [01m[K/root/ros2_ws/src/robotica/lazo_abierto/src/trajectory_generator_node.cpp:196:83:[m[K [01;31m[Kerror: [m[Kinvalid type argument of unary â€˜[01m[K*[m[Kâ€™ (have â€˜[01m[Kint[m[Kâ€™)
[6.219s]   196 |     double c3 = -2 * (thetab - thetaa) /final_time**3  + (w_b - w_a) / final_time*[01;31m[K*2[m[K;
[6.219s]       |                                                                                   [01;31m[K^~[m[K
[6.221s] [01m[K/root/ros2_ws/src/robotica/lazo_abierto/src/trajectory_generator_node.cpp:205:52:[m[K [01;31m[Kerror: [m[Kâ€˜[01m[Ka2[m[Kâ€™ was not declared in this scope; did you mean â€˜[01m[Ka3[m[Kâ€™?
[6.221s]   205 |       double x = a0 + a1 * t_offset / delta_time + [01;31m[Ka2[m[K * t_offset * t_offset / (delta_time * delta_time) + a3 * t_offset * t_offset * t_offset / (delta_time * delta_time * delta_time);
[6.221s]       |                                                    [01;31m[K^~[m[K
[6.221s]       |                                                    [32m[Ka3[m[K
[6.225s] [01m[K/root/ros2_ws/src/robotica/lazo_abierto/src/trajectory_generator_node.cpp:206:52:[m[K [01;31m[Kerror: [m[Kâ€˜[01m[Kb2[m[Kâ€™ was not declared in this scope; did you mean â€˜[01m[Kb3[m[Kâ€™?
[6.233s]   206 |       double y = b0 + b1 * t_offset / delta_time + [01;31m[Kb2[m[K * t_offset * t_offset / (delta_time * delta_time) + b3 * t_offset * t_offset * t_offset / (delta_time * delta_time * delta_time);
[6.236s]       |                                                    [01;31m[K^~[m[K
[6.236s]       |                                                    [32m[Kb3[m[K
[6.236s] [01m[K/root/ros2_ws/src/robotica/lazo_abierto/src/trajectory_generator_node.cpp:220:18:[m[K [01;31m[Kerror: [m[Kâ€˜[01m[Kangles[m[Kâ€™ has not been declared
[6.237s]   220 |       double a = [01;31m[Kangles[m[K::normalize_angle(
[6.237s]       |                  [01;31m[K^~~~~~[m[K
[6.237s] [01m[K/root/ros2_ws/src/robotica/lazo_abierto/src/trajectory_generator_node.cpp:223:19:[m[K [01;31m[Kerror: [m[Kâ€˜[01m[Kangles[m[Kâ€™ has not been declared
[6.237s]   223 |       double va = [01;31m[Kangles[m[K::normalize_angle(thetab - thetaa) / delta_time;
[6.237s]       |                   [01;31m[K^~~~~~[m[K
[7.619s] gmake[2]: *** [CMakeFiles/trajectory_generator.dir/build.make:76: CMakeFiles/trajectory_generator.dir/src/trajectory_generator_node.cpp.o] Error 1
[7.619s] gmake[1]: *** [CMakeFiles/Makefile2:193: CMakeFiles/trajectory_generator.dir/all] Error 2
[7.619s] gmake[1]: *** Waiting for unfinished jobs....
[9.139s] gmake[2]: *** [CMakeFiles/trajectory_controller.dir/build.make:76: CMakeFiles/trajectory_controller.dir/src/TrajectoryFollower.cpp.o] Error 1
[9.139s] gmake[1]: *** [CMakeFiles/Makefile2:141: CMakeFiles/trajectory_controller.dir/all] Error 2
[9.139s] gmake: *** [Makefile:146: all] Error 2
[9.144s] Invoked command in '/root/ros2_ws/src/robotica/build/lazo_abierto' returned '2': AMENT_PREFIX_PATH=/root/ros2_ws/src/robotica/install/robmovil_msgs:${AMENT_PREFIX_PATH} CMAKE_PREFIX_PATH=/root/ros2_ws/src/robotica/install/robmovil_msgs:/root/ros2_ws/install/sim_ros2_interface:/root/ros2_ws/install/modelo_omnidireccional:/root/ros2_ws/install/robmovil_msgs:/opt/ros/humble LD_LIBRARY_PATH=/root/ros2_ws/src/robotica/install/robmovil_msgs/lib:/root/ros2_ws/install/robmovil_msgs/lib:/usr/lib/x86_64-linux-gnu/gazebo-11/plugins:/opt/ros/humble/opt/rviz_ogre_vendor/lib:/opt/ros/humble/lib/x86_64-linux-gnu:/opt/ros/humble/lib:/usr/lib/x86_64-linux-gnu/gazebo-11/plugins PYTHONPATH=/root/ros2_ws/src/robotica/install/robmovil_msgs/local/lib/python3.10/dist-packages:${PYTHONPATH} /usr/bin/cmake --build /root/ros2_ws/src/robotica/build/lazo_abierto -- -j4 -l4
