[0.017s] Invoking command in '/root/ros2_ws/src/robotica/build/lazo_cerrado': AMENT_PREFIX_PATH=/root/ros2_ws/src/robotica/install/lazo_abierto:/root/ros2_ws/src/robotica/install/robmovil_msgs:${AMENT_PREFIX_PATH} CMAKE_PREFIX_PATH=/root/ros2_ws/src/robotica/install/lazo_abierto:/root/ros2_ws/src/robotica/install/robmovil_msgs:/root/ros2_ws/install/sim_ros2_interface:/root/ros2_ws/install/modelo_omnidireccional:/root/ros2_ws/install/robmovil_msgs:/opt/ros/humble LD_LIBRARY_PATH=/root/ros2_ws/src/robotica/install/lazo_abierto/lib:/root/ros2_ws/src/robotica/install/robmovil_msgs/lib:/root/ros2_ws/install/robmovil_msgs/lib:/usr/lib/x86_64-linux-gnu/gazebo-11/plugins:/opt/ros/humble/opt/rviz_ogre_vendor/lib:/opt/ros/humble/lib/x86_64-linux-gnu:/opt/ros/humble/lib:/usr/lib/x86_64-linux-gnu/gazebo-11/plugins PYTHONPATH=/root/ros2_ws/src/robotica/install/robmovil_msgs/local/lib/python3.10/dist-packages:${PYTHONPATH} /usr/bin/cmake --build /root/ros2_ws/src/robotica/build/lazo_cerrado -- -j4 -l4
[0.079s] [35m[1mConsolidate compiler generated dependencies of target trajectory_follower_cl[0m
[0.106s] [ 40%] Built target logger
[0.115s] [ 60%] [32mBuilding CXX object CMakeFiles/trajectory_follower_cl.dir/src/kinematic_position_controller_node.cpp.o[0m
[0.116s] [ 80%] [32mBuilding CXX object CMakeFiles/trajectory_follower_cl.dir/src/KinematicPositionController.cpp.o[0m
[9.270s] [100%] [32m[1mLinking CXX executable trajectory_follower_cl[0m
[9.914s] /usr/bin/ld: CMakeFiles/trajectory_follower_cl.dir/src/KinematicPositionController.cpp.o: in function `KinematicPositionController::getCurrentGoal(rclcpp::Time const&, double&, double&, double&)':
[9.915s] KinematicPositionController.cpp:(.text._ZN27KinematicPositionController14getCurrentGoalERKN6rclcpp4TimeERdS4_S4_[_ZN27KinematicPositionController14getCurrentGoalERKN6rclcpp4TimeERdS4_S4_]+0xb4): undefined reference to `KinematicPositionController::getTimeBasedGoal(rclcpp::Time const&, double&, double&, double&)'
[9.985s] collect2: error: ld returned 1 exit status
[9.987s] gmake[2]: *** [CMakeFiles/trajectory_follower_cl.dir/build.make:232: trajectory_follower_cl] Error 1
[9.987s] gmake[1]: *** [CMakeFiles/Makefile2:139: CMakeFiles/trajectory_follower_cl.dir/all] Error 2
[9.987s] gmake: *** [Makefile:146: all] Error 2
[9.989s] Invoked command in '/root/ros2_ws/src/robotica/build/lazo_cerrado' returned '2': AMENT_PREFIX_PATH=/root/ros2_ws/src/robotica/install/lazo_abierto:/root/ros2_ws/src/robotica/install/robmovil_msgs:${AMENT_PREFIX_PATH} CMAKE_PREFIX_PATH=/root/ros2_ws/src/robotica/install/lazo_abierto:/root/ros2_ws/src/robotica/install/robmovil_msgs:/root/ros2_ws/install/sim_ros2_interface:/root/ros2_ws/install/modelo_omnidireccional:/root/ros2_ws/install/robmovil_msgs:/opt/ros/humble LD_LIBRARY_PATH=/root/ros2_ws/src/robotica/install/lazo_abierto/lib:/root/ros2_ws/src/robotica/install/robmovil_msgs/lib:/root/ros2_ws/install/robmovil_msgs/lib:/usr/lib/x86_64-linux-gnu/gazebo-11/plugins:/opt/ros/humble/opt/rviz_ogre_vendor/lib:/opt/ros/humble/lib/x86_64-linux-gnu:/opt/ros/humble/lib:/usr/lib/x86_64-linux-gnu/gazebo-11/plugins PYTHONPATH=/root/ros2_ws/src/robotica/install/robmovil_msgs/local/lib/python3.10/dist-packages:${PYTHONPATH} /usr/bin/cmake --build /root/ros2_ws/src/robotica/build/lazo_cerrado -- -j4 -l4
