[0.013s] Invoking command in '/root/ros2_ws/src/robotica/build/lazo_abierto': AMENT_PREFIX_PATH=/root/ros2_ws/src/robotica/install/robmovil_msgs:${AMENT_PREFIX_PATH} CMAKE_PREFIX_PATH=/root/ros2_ws/src/robotica/install/robmovil_msgs:/root/ros2_ws/install/sim_ros2_interface:/root/ros2_ws/install/modelo_omnidireccional:/root/ros2_ws/install/robmovil_msgs:/opt/ros/humble LD_LIBRARY_PATH=/root/ros2_ws/src/robotica/install/robmovil_msgs/lib:/root/ros2_ws/install/robmovil_msgs/lib:/usr/lib/x86_64-linux-gnu/gazebo-11/plugins:/opt/ros/humble/opt/rviz_ogre_vendor/lib:/opt/ros/humble/lib/x86_64-linux-gnu:/opt/ros/humble/lib:/usr/lib/x86_64-linux-gnu/gazebo-11/plugins PYTHONPATH=/root/ros2_ws/src/robotica/install/robmovil_msgs/local/lib/python3.10/dist-packages:${PYTHONPATH} /usr/bin/cmake --build /root/ros2_ws/src/robotica/build/lazo_abierto -- -j4 -l4
[0.077s] [35m[1mConsolidate compiler generated dependencies of target trajectory_controller[0m
[0.084s] [35m[1mConsolidate compiler generated dependencies of target trajectory_generator[0m
[0.115s] [ 14%] [32mBuilding CXX object CMakeFiles/trajectory_controller.dir/src/TrajectoryFollower.cpp.o[0m
[0.123s] [ 28%] [32mBuilding CXX object CMakeFiles/trajectory_generator.dir/src/trajectory_generator_node.cpp.o[0m
[2.507s] In file included from [01m[K/root/ros2_ws/src/robotica/lazo_abierto/src/TrajectoryFollower.cpp:1[m[K:
[2.507s] [01m[K/root/ros2_ws/src/robotica/lazo_abierto/include/lazo_abierto/TrajectoryFollower.h:21:1:[m[K [01;31m[Kerror: [m[Kversion control conflict marker in file
[2.509s]    21 | [01;31m[K<<<<<<<[m[K HEAD
[2.509s]       | [01;31m[K^~~~~~~[m[K
[2.509s] [01m[K/root/ros2_ws/src/robotica/lazo_abierto/include/lazo_abierto/TrajectoryFollower.h:23:1:[m[K [01;31m[Kerror: [m[Kversion control conflict marker in file
[2.509s]    23 | [01;31m[K=======[m[K
[2.509s]       | [01;31m[K^~~~~~~[m[K
[2.509s] [01m[K/root/ros2_ws/src/robotica/lazo_abierto/include/lazo_abierto/TrajectoryFollower.h:25:1:[m[K [01;31m[Kerror: [m[Kversion control conflict marker in file
[2.509s]    25 | [01;31m[K>>>>>>>[m[K b63f5b9a05067ef0ad2a2c8a33cc374104bdce38
[2.509s]       | [01;31m[K^~~~~~~[m[K
[2.575s] [01m[K/root/ros2_ws/src/robotica/lazo_abierto/src/TrajectoryFollower.cpp:[m[K In member function â€˜[01m[Kvoid TrajectoryFollower::timerCallback()[m[Kâ€™:
[2.575s] [01m[K/root/ros2_ws/src/robotica/lazo_abierto/src/TrajectoryFollower.cpp:37:11:[m[K [01;31m[Kerror: [m[Kâ€˜[01m[Kcontrol[m[Kâ€™ was not declared in this scope
[2.576s]    37 |   if( not [01;31m[Kcontrol[m[K(t, vx, vy, w) ) {
[2.576s]       |           [01;31m[K^~~~~~~[m[K
[2.651s] [01m[K/root/ros2_ws/src/robotica/lazo_abierto/src/trajectory_generator_node.cpp:[m[K In function â€˜[01m[Kint main(int, char**)[m[Kâ€™:
[2.651s] [01m[K/root/ros2_ws/src/robotica/lazo_abierto/src/trajectory_generator_node.cpp:51:114:[m[K [01;35m[Kwarning: [m[Kconverting to â€˜[01m[Kconst ParameterDescriptor[m[Kâ€™ {aka â€˜[01m[Kconst rcl_interfaces::msg::ParameterDescriptor_<std::allocator<void> >[m[Kâ€™} from initializer list would use explicit constructor â€˜[01m[Krcl_interfaces::msg::ParameterDescriptor_<ContainerAllocator>::ParameterDescriptor_(rosidl_runtime_cpp::MessageInitialization) [with ContainerAllocator = std::allocator<void>][m[Kâ€™
[2.651s]    51 |     std::vector<double> spline_waypoints_data = [01;35m[Ktrajectory_generator_node->declare_parameter<std::vector<double>>("spline_waypoints", {})[m[K;
[2.651s]       |                                                 [01;35m[K~~~~~~~~~~~~~~~~~~~~~~~~~~~~~~~~~~~~~~~~~~~~~~~~~~~~~~~~~~~~~~~~~^~~~~~~~~~~~~~~~~~~~~~~~[m[K
[2.651s] [01m[K/root/ros2_ws/src/robotica/lazo_abierto/src/trajectory_generator_node.cpp:51:114:[m[K [01;36m[Knote: [m[Kin C++11 and above a default constructor can be explicit
[2.665s] [01m[K/root/ros2_ws/src/robotica/lazo_abierto/src/trajectory_generator_node.cpp:[m[K In function â€˜[01m[Kvoid build_spline_trajectory(double, std::vector<std::vector<double, std::allocator<double> > >&, robmovil_msgs::msg::Trajectory&, nav_msgs::msg::Path&)[m[Kâ€™:
[2.665s] [01m[K/root/ros2_ws/src/robotica/lazo_abierto/src/trajectory_generator_node.cpp:187:44:[m[K [01;31m[Kerror: [m[Kinvalid type argument of unary â€˜[01m[K*[m[Kâ€™ (have â€˜[01m[Kint[m[Kâ€™)
[2.666s]   187 |     double a2 = 3 * (xb - xa) / final_time*[01;31m[K*2[m[K - 2 * v_x_a / final_time - v_x_b / final_time;
[2.667s]       |                                            [01;31m[K^~[m[K
[2.667s] [01m[K/root/ros2_ws/src/robotica/lazo_abierto/src/trajectory_generator_node.cpp:188:44:[m[K [01;31m[Kerror: [m[Kinvalid type argument of unary â€˜[01m[K*[m[Kâ€™ (have â€˜[01m[Kint[m[Kâ€™)
[2.667s]   188 |     double a3 = -2 * (xb - xa) /final_time*[01;31m[K*3[m[K  + (v_x_b - v_x_a) / final_time**2;
[2.667s]       |                                            [01;31m[K^~[m[K
[2.667s] [01m[K/root/ros2_ws/src/robotica/lazo_abierto/src/trajectory_generator_node.cpp:188:79:[m[K [01;31m[Kerror: [m[Kinvalid type argument of unary â€˜[01m[K*[m[Kâ€™ (have â€˜[01m[Kint[m[Kâ€™)
[2.667s]   188 |     double a3 = -2 * (xb - xa) /final_time**3  + (v_x_b - v_x_a) / final_time*[01;31m[K*2[m[K;
[2.667s]       |                                                                               [01;31m[K^~[m[K
[2.667s] [01m[K/root/ros2_ws/src/robotica/lazo_abierto/src/trajectory_generator_node.cpp:191:44:[m[K [01;31m[Kerror: [m[Kinvalid type argument of unary â€˜[01m[K*[m[Kâ€™ (have â€˜[01m[Kint[m[Kâ€™)
[2.667s]   191 |     double b2 = 3 * (yb - ya) / final_time*[01;31m[K*2[m[K - 2 * v_y_a / final_time - v_y_b / final_time;
[2.667s]       |                                            [01;31m[K^~[m[K
[2.667s] [01m[K/root/ros2_ws/src/robotica/lazo_abierto/src/trajectory_generator_node.cpp:192:44:[m[K [01;31m[Kerror: [m[Kinvalid type argument of unary â€˜[01m[K*[m[Kâ€™ (have â€˜[01m[Kint[m[Kâ€™)
[2.667s]   192 |     double b3 = -2 * (yb - ya) /final_time*[01;31m[K*3[m[K  + (v_y_b - v_y_a) / final_time**2;
[2.667s]       |                                            [01;31m[K^~[m[K
[2.668s] [01m[K/root/ros2_ws/src/robotica/lazo_abierto/src/trajectory_generator_node.cpp:192:79:[m[K [01;31m[Kerror: [m[Kinvalid type argument of unary â€˜[01m[K*[m[Kâ€™ (have â€˜[01m[Kint[m[Kâ€™)
[2.668s]   192 |     double b3 = -2 * (yb - ya) /final_time**3  + (v_y_b - v_y_a) / final_time*[01;31m[K*2[m[K;
[2.668s]       |                                                                               [01;31m[K^~[m[K
[2.668s] [01m[K/root/ros2_ws/src/robotica/lazo_abierto/src/trajectory_generator_node.cpp:195:52:[m[K [01;31m[Kerror: [m[Kinvalid type argument of unary â€˜[01m[K*[m[Kâ€™ (have â€˜[01m[Kint[m[Kâ€™)
[2.668s]   195 |     double c2 = 3 * (thetab - thetaa) / final_time*[01;31m[K*2[m[K - 2 * w_a / final_time - w_b / final_time;
[2.668s]       |                                                    [01;31m[K^~[m[K
[2.668s] [01m[K/root/ros2_ws/src/robotica/lazo_abierto/src/trajectory_generator_node.cpp:196:52:[m[K [01;31m[Kerror: [m[Kinvalid type argument of unary â€˜[01m[K*[m[Kâ€™ (have â€˜[01m[Kint[m[Kâ€™)
[2.668s]   196 |     double c3 = -2 * (thetab - thetaa) /final_time*[01;31m[K*3[m[K  + (w_b - w_a) / final_time**2;
[2.668s]       |                                                    [01;31m[K^~[m[K
[2.668s] [01m[K/root/ros2_ws/src/robotica/lazo_abierto/src/trajectory_generator_node.cpp:196:83:[m[K [01;31m[Kerror: [m[Kinvalid type argument of unary â€˜[01m[K*[m[Kâ€™ (have â€˜[01m[Kint[m[Kâ€™)
[2.668s]   196 |     double c3 = -2 * (thetab - thetaa) /final_time**3  + (w_b - w_a) / final_time*[01;31m[K*2[m[K;
[2.668s]       |                                                                                   [01;31m[K^~[m[K
[2.671s] [01m[K/root/ros2_ws/src/robotica/lazo_abierto/src/trajectory_generator_node.cpp:220:18:[m[K [01;31m[Kerror: [m[Kâ€˜[01m[Kangles[m[Kâ€™ has not been declared
[2.671s]   220 |       double a = [01;31m[Kangles[m[K::normalize_angle(
[2.671s]       |                  [01;31m[K^~~~~~[m[K
[2.671s] [01m[K/root/ros2_ws/src/robotica/lazo_abierto/src/trajectory_generator_node.cpp:223:19:[m[K [01;31m[Kerror: [m[Kâ€˜[01m[Kangles[m[Kâ€™ has not been declared
[2.671s]   223 |       double va = [01;31m[Kangles[m[K::normalize_angle(thetab - thetaa) / delta_time;
[2.671s]       |                   [01;31m[K^~~~~~[m[K
[3.601s] gmake[2]: *** [CMakeFiles/trajectory_generator.dir/build.make:76: CMakeFiles/trajectory_generator.dir/src/trajectory_generator_node.cpp.o] Error 1
[3.602s] gmake[1]: *** [CMakeFiles/Makefile2:193: CMakeFiles/trajectory_generator.dir/all] Error 2
[3.602s] gmake[1]: *** Waiting for unfinished jobs....
[5.016s] gmake[2]: *** [CMakeFiles/trajectory_controller.dir/build.make:76: CMakeFiles/trajectory_controller.dir/src/TrajectoryFollower.cpp.o] Error 1
[5.016s] gmake[1]: *** [CMakeFiles/Makefile2:141: CMakeFiles/trajectory_controller.dir/all] Error 2
[5.016s] gmake: *** [Makefile:146: all] Error 2
[5.019s] Invoked command in '/root/ros2_ws/src/robotica/build/lazo_abierto' returned '2': AMENT_PREFIX_PATH=/root/ros2_ws/src/robotica/install/robmovil_msgs:${AMENT_PREFIX_PATH} CMAKE_PREFIX_PATH=/root/ros2_ws/src/robotica/install/robmovil_msgs:/root/ros2_ws/install/sim_ros2_interface:/root/ros2_ws/install/modelo_omnidireccional:/root/ros2_ws/install/robmovil_msgs:/opt/ros/humble LD_LIBRARY_PATH=/root/ros2_ws/src/robotica/install/robmovil_msgs/lib:/root/ros2_ws/install/robmovil_msgs/lib:/usr/lib/x86_64-linux-gnu/gazebo-11/plugins:/opt/ros/humble/opt/rviz_ogre_vendor/lib:/opt/ros/humble/lib/x86_64-linux-gnu:/opt/ros/humble/lib:/usr/lib/x86_64-linux-gnu/gazebo-11/plugins PYTHONPATH=/root/ros2_ws/src/robotica/install/robmovil_msgs/local/lib/python3.10/dist-packages:${PYTHONPATH} /usr/bin/cmake --build /root/ros2_ws/src/robotica/build/lazo_abierto -- -j4 -l4
