In file included from [01m[K/root/ros2_ws/src/robotica/lazo_cerrado/src/kinematic_position_controller_node.cpp:2[m[K:
[01m[K/root/ros2_ws/src/robotica/lazo_cerrado/src/KinematicPositionController.h:19:10:[m[K [01;31m[Kerror: [m[Kextra qualification â€˜[01m[KKinematicPositionController::[m[Kâ€™ on member â€˜[01m[Kcontrol[m[Kâ€™ [[01;31m[K-fpermissive[m[K]
   19 |     bool [01;31m[KKinematicPositionController[m[K::control(const rclcpp::Time &t, double &vx, double &vy, double &w)
      |          [01;31m[K^~~~~~~~~~~~~~~~~~~~~~~~~~~[m[K
[01m[K/root/ros2_ws/src/robotica/lazo_cerrado/src/KinematicPositionController.h:19:103:[m[K [01;31m[Kerror: [m[Kexpected â€˜[01m[K;[m[Kâ€™ at end of member declaration
   19 | ontrol(const rclcpp::Time &t, double &vx, double &vy, double &w[01;31m[K)[m[K
      |                                                                [01;31m[K^[m[K
      |                                                                 [32m[K;[m[K
[01m[K/root/ros2_ws/src/robotica/lazo_cerrado/src/KinematicPositionController.h:[m[K In member function â€˜[01m[Kbool KinematicPositionController::getCurrentGoal(const rclcpp::Time&, double&, double&, double&)[m[Kâ€™:
[01m[K/root/ros2_ws/src/robotica/lazo_cerrado/src/KinematicPositionController.h:47:14:[m[K [01;31m[Kerror: [m[Kâ€˜[01m[KTIME_BASED[m[Kâ€™ was not declared in this scope
   47 |         case [01;31m[KTIME_BASED[m[K: return getTimeBasedGoal(t, x, y, a);
      |              [01;31m[K^~~~~~~~~~[m[K
In file included from [01m[K/root/ros2_ws/src/robotica/lazo_cerrado/src/KinematicPositionController.cpp:2[m[K:
[01m[K/root/ros2_ws/src/robotica/lazo_cerrado/src/KinematicPositionController.h:19:10:[m[K [01;31m[Kerror: [m[Kextra qualification â€˜[01m[KKinematicPositionController::[m[Kâ€™ on member â€˜[01m[Kcontrol[m[Kâ€™ [[01;31m[K-fpermissive[m[K]
   19 |     bool [01;31m[KKinematicPositionController[m[K::control(const rclcpp::Time &t, double &vx, double &vy, double &w)
      |          [01;31m[K^~~~~~~~~~~~~~~~~~~~~~~~~~~[m[K
[01m[K/root/ros2_ws/src/robotica/lazo_cerrado/src/KinematicPositionController.h:19:103:[m[K [01;31m[Kerror: [m[Kexpected â€˜[01m[K;[m[Kâ€™ at end of member declaration
   19 |     bool KinematicPositionController::control(const rclcpp::Time &t, double &vx, double &vy, double &w[01;31m[K)[m[K
      |                                                                                                       [01;31m[K^[m[K
      |                                                                                                        [32m[K;[m[K
[01m[K/root/ros2_ws/src/robotica/lazo_cerrado/src/KinematicPositionController.h:[m[K In member function â€˜[01m[Kbool KinematicPositionController::getCurrentGoal(const rclcpp::Time&, double&, double&, double&)[m[Kâ€™:
[01m[K/root/ros2_ws/src/robotica/lazo_cerrado/src/KinematicPositionController.h:47:14:[m[K [01;31m[Kerror: [m[Kâ€˜[01m[KTIME_BASED[m[Kâ€™ was not declared in this scope
   47 |         case [01;31m[KTIME_BASED[m[K: return getTimeBasedGoal(t, x, y, a);
      |              [01;31m[K^~~~~~~~~~[m[K
gmake[2]: *** [CMakeFiles/trajectory_follower_cl.dir/build.make:76: CMakeFiles/trajectory_follower_cl.dir/src/kinematic_position_controller_node.cpp.o] Error 1
gmake[2]: *** Waiting for unfinished jobs....
gmake[2]: *** [CMakeFiles/trajectory_follower_cl.dir/build.make:90: CMakeFiles/trajectory_follower_cl.dir/src/KinematicPositionController.cpp.o] Error 1
gmake[1]: *** [CMakeFiles/Makefile2:139: CMakeFiles/trajectory_follower_cl.dir/all] Error 2
gmake[1]: *** Waiting for unfinished jobs....
gmake: *** [Makefile:146: all] Error 2
