-- The C compiler identification is GNU 11.4.0
-- The CXX compiler identification is GNU 11.4.0
-- Detecting C compiler ABI info
-- Detecting C compiler ABI info - done
-- Check for working C compiler: /usr/bin/cc - skipped
-- Detecting C compile features
-- Detecting C compile features - done
-- Detecting CXX compiler ABI info
-- Detecting CXX compiler ABI info - done
-- Check for working CXX compiler: /usr/bin/c++ - skipped
-- Detecting CXX compile features
-- Detecting CXX compile features - done
-- Found rclcpp: 16.0.15 (/opt/ros/humble/share/rclcpp/cmake)
-- Found Python3: /usr/bin/python3 (found version "3.10.12") found components: Interpreter 
-- Found rosidl_generator_c: 3.1.7 (/opt/ros/humble/share/rosidl_generator_c/cmake)
-- Found rosidl_adapter: 3.1.7 (/opt/ros/humble/share/rosidl_adapter/cmake)
-- Found rosidl_generator_cpp: 3.1.7 (/opt/ros/humble/share/rosidl_generator_cpp/cmake)
-- Using all available rosidl_typesupport_c: rosidl_typesupport_fastrtps_c;rosidl_typesupport_introspection_c
-- Using all available rosidl_typesupport_cpp: rosidl_typesupport_fastrtps_cpp;rosidl_typesupport_introspection_cpp
-- Found rmw_implementation_cmake: 6.1.2 (/opt/ros/humble/share/rmw_implementation_cmake/cmake)
-- Found rmw_fastrtps_cpp: 6.2.9 (/opt/ros/humble/share/rmw_fastrtps_cpp/cmake)
-- Found OpenSSL: /usr/lib/x86_64-linux-gnu/libcrypto.so (found version "3.0.2")  
-- Found FastRTPS: /opt/ros/humble/include  
-- Using RMW implementation 'rmw_fastrtps_cpp' as default
-- Looking for pthread.h
-- Looking for pthread.h - found
-- Performing Test CMAKE_HAVE_LIBC_PTHREAD
-- Performing Test CMAKE_HAVE_LIBC_PTHREAD - Success
-- Found Threads: TRUE  
-- Found geometry_msgs: 4.9.0 (/opt/ros/humble/share/geometry_msgs/cmake)
-- Found robmovil_msgs: 0.0.0 (/root/ros2_ws/src/robotica/install/robmovil_msgs/share/robmovil_msgs/cmake)
-- Found nav_msgs: 4.9.0 (/opt/ros/humble/share/nav_msgs/cmake)
-- Found tf2: 0.25.16 (/opt/ros/humble/share/tf2/cmake)
-- Found tf2_ros: 0.25.16 (/opt/ros/humble/share/tf2_ros/cmake)
-- Found tf2_geometry_msgs: 0.25.16 (/opt/ros/humble/share/tf2_geometry_msgs/cmake)
-- Found eigen3_cmake_module: 0.1.1 (/opt/ros/humble/share/eigen3_cmake_module/cmake)
-- Found Eigen3: TRUE (found version "3.4.0") 
-- Ensuring Eigen3 include directory is part of orocos-kdl CMake target
-- Found lazo_abierto: 0.0.0 (/root/ros2_ws/src/robotica/install/lazo_abierto/share/lazo_abierto/cmake)
-- Found angles: 1.15.0 (/opt/ros/humble/share/angles/cmake)
-- Configuring done
-- Generating done
-- Build files have been written to: /root/ros2_ws/src/robotica/build/lazo_cerrado
[ 20%] [32mBuilding CXX object CMakeFiles/trajectory_follower_cl.dir/src/kinematic_position_controller_node.cpp.o[0m
[ 40%] [32mBuilding CXX object CMakeFiles/logger.dir/src/logger_node.cpp.o[0m
[ 60%] [32mBuilding CXX object CMakeFiles/trajectory_follower_cl.dir/src/KinematicPositionController.cpp.o[0m
In file included from [01m[K/root/ros2_ws/src/robotica/lazo_cerrado/src/kinematic_position_controller_node.cpp:2[m[K:
[01m[K/root/ros2_ws/src/robotica/lazo_cerrado/src/KinematicPositionController.h:19:10:[m[K [01;31m[Kerror: [m[Kextra qualification â€˜[01m[KKinematicPositionController::[m[Kâ€™ on member â€˜[01m[Kcontrol[m[Kâ€™ [[01;31m[K-fpermissive[m[K]
   19 |     bool [01;31m[KKinematicPositionController[m[K::control(const rclcpp::Time &t, double &vx, double &vy, double &w)
      |          [01;31m[K^~~~~~~~~~~~~~~~~~~~~~~~~~~[m[K
[01m[K/root/ros2_ws/src/robotica/lazo_cerrado/src/KinematicPositionController.h:19:103:[m[K [01;31m[Kerror: [m[Kexpected â€˜[01m[K;[m[Kâ€™ at end of member declaration
   19 | ontrol(const rclcpp::Time &t, double &vx, double &vy, double &w[01;31m[K)[m[K
      |                                                                [01;31m[K^[m[K
      |                                                                 [32m[K;[m[K
[01m[K/root/ros2_ws/src/robotica/lazo_cerrado/src/KinematicPositionController.h:[m[K In member function â€˜[01m[Kbool KinematicPositionController::getCurrentGoal(const rclcpp::Time&, double&, double&, double&)[m[Kâ€™:
[01m[K/root/ros2_ws/src/robotica/lazo_cerrado/src/KinematicPositionController.h:47:14:[m[K [01;31m[Kerror: [m[Kâ€˜[01m[KTIME_BASED[m[Kâ€™ was not declared in this scope
   47 |         case [01;31m[KTIME_BASED[m[K: return getTimeBasedGoal(t, x, y, a);
      |              [01;31m[K^~~~~~~~~~[m[K
In file included from [01m[K/root/ros2_ws/src/robotica/lazo_cerrado/src/KinematicPositionController.cpp:2[m[K:
[01m[K/root/ros2_ws/src/robotica/lazo_cerrado/src/KinematicPositionController.h:19:10:[m[K [01;31m[Kerror: [m[Kextra qualification â€˜[01m[KKinematicPositionController::[m[Kâ€™ on member â€˜[01m[Kcontrol[m[Kâ€™ [[01;31m[K-fpermissive[m[K]
   19 |     bool [01;31m[KKinematicPositionController[m[K::control(const rclcpp::Time &t, double &vx, double &vy, double &w)
      |          [01;31m[K^~~~~~~~~~~~~~~~~~~~~~~~~~~[m[K
[01m[K/root/ros2_ws/src/robotica/lazo_cerrado/src/KinematicPositionController.h:19:103:[m[K [01;31m[Kerror: [m[Kexpected â€˜[01m[K;[m[Kâ€™ at end of member declaration
   19 |     bool KinematicPositionController::control(const rclcpp::Time &t, double &vx, double &vy, double &w[01;31m[K)[m[K
      |                                                                                                       [01;31m[K^[m[K
      |                                                                                                        [32m[K;[m[K
[01m[K/root/ros2_ws/src/robotica/lazo_cerrado/src/KinematicPositionController.h:[m[K In member function â€˜[01m[Kbool KinematicPositionController::getCurrentGoal(const rclcpp::Time&, double&, double&, double&)[m[Kâ€™:
[01m[K/root/ros2_ws/src/robotica/lazo_cerrado/src/KinematicPositionController.h:47:14:[m[K [01;31m[Kerror: [m[Kâ€˜[01m[KTIME_BASED[m[Kâ€™ was not declared in this scope
   47 |         case [01;31m[KTIME_BASED[m[K: return getTimeBasedGoal(t, x, y, a);
      |              [01;31m[K^~~~~~~~~~[m[K
gmake[2]: *** [CMakeFiles/trajectory_follower_cl.dir/build.make:76: CMakeFiles/trajectory_follower_cl.dir/src/kinematic_position_controller_node.cpp.o] Error 1
gmake[2]: *** Waiting for unfinished jobs....
gmake[2]: *** [CMakeFiles/trajectory_follower_cl.dir/build.make:90: CMakeFiles/trajectory_follower_cl.dir/src/KinematicPositionController.cpp.o] Error 1
gmake[1]: *** [CMakeFiles/Makefile2:139: CMakeFiles/trajectory_follower_cl.dir/all] Error 2
gmake[1]: *** Waiting for unfinished jobs....
[ 80%] [32m[1mLinking CXX executable logger[0m
[ 80%] Built target logger
gmake: *** [Makefile:146: all] Error 2
