[0.019s] Invoking command in '/root/ros2_ws/src/robotica/build/lazo_cerrado': AMENT_PREFIX_PATH=/root/ros2_ws/src/robotica/install/lazo_abierto:/root/ros2_ws/src/robotica/install/robmovil_msgs:${AMENT_PREFIX_PATH} CMAKE_PREFIX_PATH=/root/ros2_ws/src/robotica/install/lazo_abierto:/root/ros2_ws/src/robotica/install/robmovil_msgs:/root/ros2_ws/install/sim_ros2_interface:/root/ros2_ws/install/modelo_omnidireccional:/root/ros2_ws/install/robmovil_msgs:/opt/ros/humble LD_LIBRARY_PATH=/root/ros2_ws/src/robotica/install/lazo_abierto/lib:/root/ros2_ws/src/robotica/install/robmovil_msgs/lib:/root/ros2_ws/install/robmovil_msgs/lib:/usr/lib/x86_64-linux-gnu/gazebo-11/plugins:/opt/ros/humble/opt/rviz_ogre_vendor/lib:/opt/ros/humble/lib/x86_64-linux-gnu:/opt/ros/humble/lib:/usr/lib/x86_64-linux-gnu/gazebo-11/plugins PYTHONPATH=/root/ros2_ws/src/robotica/install/robmovil_msgs/local/lib/python3.10/dist-packages:${PYTHONPATH} /usr/bin/cmake --build /root/ros2_ws/src/robotica/build/lazo_cerrado -- -j4 -l4
[0.079s] [35m[1mConsolidate compiler generated dependencies of target trajectory_follower_cl[0m
[0.108s] [ 40%] Built target logger
[0.114s] [ 60%] [32mBuilding CXX object CMakeFiles/trajectory_follower_cl.dir/src/kinematic_position_controller_node.cpp.o[0m
[0.116s] [ 80%] [32mBuilding CXX object CMakeFiles/trajectory_follower_cl.dir/src/KinematicPositionController.cpp.o[0m
[3.277s] In file included from [01m[K/root/ros2_ws/src/robotica/lazo_cerrado/src/KinematicPositionController.cpp:2[m[K:
[3.278s] [01m[K/root/ros2_ws/src/robotica/lazo_cerrado/src/KinematicPositionController.h:[m[K In member function â€˜[01m[Kbool KinematicPositionController::getCurrentGoal(const rclcpp::Time&, double&, double&, double&)[m[Kâ€™:
[3.278s] [01m[K/root/ros2_ws/src/robotica/lazo_cerrado/src/KinematicPositionController.h:47:14:[m[K [01;31m[Kerror: [m[Kâ€˜[01m[KTIME_BASED[m[Kâ€™ was not declared in this scope
[3.278s]    47 |         case [01;31m[KTIME_BASED[m[K: return getTimeBasedGoal(t, x, y, a);
[3.278s]       |              [01;31m[K^~~~~~~~~~[m[K
[3.302s] In file included from [01m[K/root/ros2_ws/src/robotica/lazo_cerrado/src/kinematic_position_controller_node.cpp:2[m[K:
[3.303s] [01m[K/root/ros2_ws/src/robotica/lazo_cerrado/src/KinematicPositionController.h:[m[K In member function â€˜[01m[Kbool KinematicPositionController::getCurrentGoal(const rclcpp::Time&, double&, double&, double&)[m[Kâ€™:
[3.303s] [01m[K/root/ros2_ws/src/robotica/lazo_cerrado/src/KinematicPositionController.h:47:14:[m[K [01;31m[Kerror: [m[Kâ€˜[01m[KTIME_BASED[m[Kâ€™ was not declared in this scope
[3.303s]    47 |         case [01;31m[KTIME_BASED[m[K: return getTimeBasedGoal(t, x, y, a);
[3.303s]       |              [01;31m[K^~~~~~~~~~[m[K
[3.958s] gmake[2]: *** [CMakeFiles/trajectory_follower_cl.dir/build.make:76: CMakeFiles/trajectory_follower_cl.dir/src/kinematic_position_controller_node.cpp.o] Error 1
[3.958s] gmake[2]: *** Waiting for unfinished jobs....
[5.923s] gmake[2]: *** [CMakeFiles/trajectory_follower_cl.dir/build.make:90: CMakeFiles/trajectory_follower_cl.dir/src/KinematicPositionController.cpp.o] Error 1
[5.924s] gmake[1]: *** [CMakeFiles/Makefile2:139: CMakeFiles/trajectory_follower_cl.dir/all] Error 2
[5.924s] gmake: *** [Makefile:146: all] Error 2
[5.926s] Invoked command in '/root/ros2_ws/src/robotica/build/lazo_cerrado' returned '2': AMENT_PREFIX_PATH=/root/ros2_ws/src/robotica/install/lazo_abierto:/root/ros2_ws/src/robotica/install/robmovil_msgs:${AMENT_PREFIX_PATH} CMAKE_PREFIX_PATH=/root/ros2_ws/src/robotica/install/lazo_abierto:/root/ros2_ws/src/robotica/install/robmovil_msgs:/root/ros2_ws/install/sim_ros2_interface:/root/ros2_ws/install/modelo_omnidireccional:/root/ros2_ws/install/robmovil_msgs:/opt/ros/humble LD_LIBRARY_PATH=/root/ros2_ws/src/robotica/install/lazo_abierto/lib:/root/ros2_ws/src/robotica/install/robmovil_msgs/lib:/root/ros2_ws/install/robmovil_msgs/lib:/usr/lib/x86_64-linux-gnu/gazebo-11/plugins:/opt/ros/humble/opt/rviz_ogre_vendor/lib:/opt/ros/humble/lib/x86_64-linux-gnu:/opt/ros/humble/lib:/usr/lib/x86_64-linux-gnu/gazebo-11/plugins PYTHONPATH=/root/ros2_ws/src/robotica/install/robmovil_msgs/local/lib/python3.10/dist-packages:${PYTHONPATH} /usr/bin/cmake --build /root/ros2_ws/src/robotica/build/lazo_cerrado -- -j4 -l4
