[0.019s] Invoking command in '/root/ros2_ws/src/robotica/build/lazo_abierto': AMENT_PREFIX_PATH=/root/ros2_ws/src/robotica/install/robmovil_msgs:${AMENT_PREFIX_PATH} CMAKE_PREFIX_PATH=/root/ros2_ws/src/robotica/install/robmovil_msgs:/root/ros2_ws/install/sim_ros2_interface:/root/ros2_ws/install/modelo_omnidireccional:/root/ros2_ws/install/robmovil_msgs:/opt/ros/humble LD_LIBRARY_PATH=/root/ros2_ws/src/robotica/install/robmovil_msgs/lib:/root/ros2_ws/install/robmovil_msgs/lib:/usr/lib/x86_64-linux-gnu/gazebo-11/plugins:/opt/ros/humble/opt/rviz_ogre_vendor/lib:/opt/ros/humble/lib/x86_64-linux-gnu:/opt/ros/humble/lib:/usr/lib/x86_64-linux-gnu/gazebo-11/plugins PYTHONPATH=/root/ros2_ws/src/robotica/install/robmovil_msgs/local/lib/python3.10/dist-packages:${PYTHONPATH} /usr/bin/cmake --build /root/ros2_ws/src/robotica/build/lazo_abierto -- -j4 -l4
[0.094s] [35m[1mConsolidate compiler generated dependencies of target trajectory_generator[0m
[0.095s] [35m[1mConsolidate compiler generated dependencies of target trajectory_controller[0m
[0.121s] [ 14%] [32mBuilding CXX object CMakeFiles/trajectory_generator.dir/src/trajectory_generator_node.cpp.o[0m
[0.124s] [ 42%] Built target trajectory_controller
[0.181s] [ 57%] [32mBuilding CXX object CMakeFiles/trajectory_follower.dir/src/FeedForwardController.cpp.o[0m
[0.182s] [ 71%] [32mBuilding CXX object CMakeFiles/trajectory_follower.dir/src/trajectory_follower_node.cpp.o[0m
[3.915s] [01m[K/root/ros2_ws/src/robotica/lazo_abierto/src/FeedForwardController.cpp:[m[K In member function â€˜[01m[Kvirtual bool FeedForwardController::control(const rclcpp::Time&, double&, double&, double&)[m[Kâ€™:
[3.915s] [01m[K/root/ros2_ws/src/robotica/lazo_abierto/src/FeedForwardController.cpp:64:11:[m[K [01;31m[Kerror: [m[Kexpected â€˜[01m[K;[m[Kâ€™ before â€˜[01m[Kvy[m[Kâ€™
[3.915s]    64 |   vx = v_x
[3.915s]       |           [01;31m[K^[m[K
[3.915s]       |           [32m[K;[m[K
[3.915s]    65 |   [32m[Kvy[m[K = v_y
[3.915s]       |   [32m[K~~[m[K       
[3.991s] [01m[K/root/ros2_ws/src/robotica/lazo_abierto/src/trajectory_generator_node.cpp:[m[K In function â€˜[01m[Kint main(int, char**)[m[Kâ€™:
[3.991s] [01m[K/root/ros2_ws/src/robotica/lazo_abierto/src/trajectory_generator_node.cpp:51:114:[m[K [01;35m[Kwarning: [m[Kconverting to â€˜[01m[Kconst ParameterDescriptor[m[Kâ€™ {aka â€˜[01m[Kconst rcl_interfaces::msg::ParameterDescriptor_<std::allocator<void> >[m[Kâ€™} from initializer list would use explicit constructor â€˜[01m[Krcl_interfaces::msg::ParameterDescriptor_<ContainerAllocator>::ParameterDescriptor_(rosidl_runtime_cpp::MessageInitialization) [with ContainerAllocator = std::allocator<void>][m[Kâ€™
[3.991s]    51 |     std::vector<double> spline_waypoints_data = [01;35m[Ktrajectory_generator_node->declare_parameter<std::vector<double>>("spline_waypoints", {})[m[K;
[3.991s]       |                                                 [01;35m[K~~~~~~~~~~~~~~~~~~~~~~~~~~~~~~~~~~~~~~~~~~~~~~~~~~~~~~~~~~~~~~~~~^~~~~~~~~~~~~~~~~~~~~~~~[m[K
[3.991s] [01m[K/root/ros2_ws/src/robotica/lazo_abierto/src/trajectory_generator_node.cpp:51:114:[m[K [01;36m[Knote: [m[Kin C++11 and above a default constructor can be explicit
[4.013s] [01m[K/root/ros2_ws/src/robotica/lazo_abierto/src/trajectory_generator_node.cpp:[m[K In function â€˜[01m[Kvoid build_spline_trajectory(double, std::vector<std::vector<double, std::allocator<double> > >&, robmovil_msgs::msg::Trajectory&, nav_msgs::msg::Path&)[m[Kâ€™:
[4.013s] [01m[K/root/ros2_ws/src/robotica/lazo_abierto/src/trajectory_generator_node.cpp:218:18:[m[K [01;31m[Kerror: [m[Kâ€˜[01m[Kangles[m[Kâ€™ has not been declared
[4.013s]   218 |       double a = [01;31m[Kangles[m[K::normalize_angle(
[4.013s]       |                  [01;31m[K^~~~~~[m[K
[4.013s] [01m[K/root/ros2_ws/src/robotica/lazo_abierto/src/trajectory_generator_node.cpp:221:19:[m[K [01;31m[Kerror: [m[Kâ€˜[01m[Kangles[m[Kâ€™ has not been declared
[4.013s]   221 |       double va = [01;31m[Kangles[m[K::normalize_angle(thetab - thetaa) / delta_time;
[4.013s]       |                   [01;31m[K^~~~~~[m[K
[4.494s] gmake[2]: *** [CMakeFiles/trajectory_follower.dir/build.make:90: CMakeFiles/trajectory_follower.dir/src/FeedForwardController.cpp.o] Error 1
[4.494s] gmake[2]: *** Waiting for unfinished jobs....
[4.715s] gmake[1]: *** [CMakeFiles/Makefile2:167: CMakeFiles/trajectory_follower.dir/all] Error 2
[4.715s] gmake[1]: *** Waiting for unfinished jobs....
[5.080s] gmake[2]: *** [CMakeFiles/trajectory_generator.dir/build.make:76: CMakeFiles/trajectory_generator.dir/src/trajectory_generator_node.cpp.o] Error 1
[5.080s] gmake[1]: *** [CMakeFiles/Makefile2:193: CMakeFiles/trajectory_generator.dir/all] Error 2
[5.080s] gmake: *** [Makefile:146: all] Error 2
[5.083s] Invoked command in '/root/ros2_ws/src/robotica/build/lazo_abierto' returned '2': AMENT_PREFIX_PATH=/root/ros2_ws/src/robotica/install/robmovil_msgs:${AMENT_PREFIX_PATH} CMAKE_PREFIX_PATH=/root/ros2_ws/src/robotica/install/robmovil_msgs:/root/ros2_ws/install/sim_ros2_interface:/root/ros2_ws/install/modelo_omnidireccional:/root/ros2_ws/install/robmovil_msgs:/opt/ros/humble LD_LIBRARY_PATH=/root/ros2_ws/src/robotica/install/robmovil_msgs/lib:/root/ros2_ws/install/robmovil_msgs/lib:/usr/lib/x86_64-linux-gnu/gazebo-11/plugins:/opt/ros/humble/opt/rviz_ogre_vendor/lib:/opt/ros/humble/lib/x86_64-linux-gnu:/opt/ros/humble/lib:/usr/lib/x86_64-linux-gnu/gazebo-11/plugins PYTHONPATH=/root/ros2_ws/src/robotica/install/robmovil_msgs/local/lib/python3.10/dist-packages:${PYTHONPATH} /usr/bin/cmake --build /root/ros2_ws/src/robotica/build/lazo_abierto -- -j4 -l4
