[35m[1mConsolidate compiler generated dependencies of target trajectory_generator[0m
[ 28%] Built target trajectory_controller
[ 42%] [32mBuilding CXX object CMakeFiles/trajectory_generator.dir/src/trajectory_generator_node.cpp.o[0m
[35m[1mConsolidate compiler generated dependencies of target trajectory_follower[0m
[ 85%] Built target trajectory_follower
[01m[K/root/ros2_ws/src/robotica/lazo_abierto/src/trajectory_generator_node.cpp:9:10:[m[K [01;31m[Kfatal error: [m[Kangles/angles.h: No such file or directory
    9 | #include [01;31m[K<angles/angles.h>[m[K
      |          [01;31m[K^~~~~~~~~~~~~~~~~[m[K
compilation terminated.
gmake[2]: *** [CMakeFiles/trajectory_generator.dir/build.make:76: CMakeFiles/trajectory_generator.dir/src/trajectory_generator_node.cpp.o] Error 1
gmake[1]: *** [CMakeFiles/Makefile2:193: CMakeFiles/trajectory_generator.dir/all] Error 2
gmake: *** [Makefile:146: all] Error 2
