[0.015s] Invoking command in '/root/ros2_ws/src/robotica/build/lazo_abierto': AMENT_PREFIX_PATH=/root/ros2_ws/src/robotica/install/robmovil_msgs:${AMENT_PREFIX_PATH} CMAKE_PREFIX_PATH=/root/ros2_ws/src/robotica/install/robmovil_msgs:/root/ros2_ws/install/sim_ros2_interface:/root/ros2_ws/install/modelo_omnidireccional:/root/ros2_ws/install/robmovil_msgs:/opt/ros/humble LD_LIBRARY_PATH=/root/ros2_ws/src/robotica/install/robmovil_msgs/lib:/root/ros2_ws/install/robmovil_msgs/lib:/usr/lib/x86_64-linux-gnu/gazebo-11/plugins:/opt/ros/humble/opt/rviz_ogre_vendor/lib:/opt/ros/humble/lib/x86_64-linux-gnu:/opt/ros/humble/lib:/usr/lib/x86_64-linux-gnu/gazebo-11/plugins PYTHONPATH=/root/ros2_ws/src/robotica/install/robmovil_msgs/local/lib/python3.10/dist-packages:${PYTHONPATH} /usr/bin/cmake --build /root/ros2_ws/src/robotica/build/lazo_abierto -- -j4 -l4
[0.127s] [35m[1mConsolidate compiler generated dependencies of target trajectory_generator[0m
[0.153s] [ 14%] [32mBuilding CXX object CMakeFiles/trajectory_controller.dir/src/TrajectoryFollower.cpp.o[0m
[0.176s] [ 28%] [32mBuilding CXX object CMakeFiles/trajectory_generator.dir/src/trajectory_generator_node.cpp.o[0m
[3.594s] [01m[K/root/ros2_ws/src/robotica/lazo_abierto/src/trajectory_generator_node.cpp:[m[K In function â€˜[01m[Kint main(int, char**)[m[Kâ€™:
[3.594s] [01m[K/root/ros2_ws/src/robotica/lazo_abierto/src/trajectory_generator_node.cpp:51:114:[m[K [01;35m[Kwarning: [m[Kconverting to â€˜[01m[Kconst ParameterDescriptor[m[Kâ€™ {aka â€˜[01m[Kconst rcl_interfaces::msg::ParameterDescriptor_<std::allocator<void> >[m[Kâ€™} from initializer list would use explicit constructor â€˜[01m[Krcl_interfaces::msg::ParameterDescriptor_<ContainerAllocator>::ParameterDescriptor_(rosidl_runtime_cpp::MessageInitialization) [with ContainerAllocator = std::allocator<void>][m[Kâ€™
[3.594s]    51 |     std::vector<double> spline_waypoints_data = [01;35m[Ktrajectory_generator_node->declare_parameter<std::vector<double>>("spline_waypoints", {})[m[K;
[3.594s]       |                                                 [01;35m[K~~~~~~~~~~~~~~~~~~~~~~~~~~~~~~~~~~~~~~~~~~~~~~~~~~~~~~~~~~~~~~~~~^~~~~~~~~~~~~~~~~~~~~~~~[m[K
[3.595s] [01m[K/root/ros2_ws/src/robotica/lazo_abierto/src/trajectory_generator_node.cpp:51:114:[m[K [01;36m[Knote: [m[Kin C++11 and above a default constructor can be explicit
[3.609s] [01m[K/root/ros2_ws/src/robotica/lazo_abierto/src/trajectory_generator_node.cpp:[m[K In function â€˜[01m[Kvoid build_spline_trajectory(double, std::vector<std::vector<double, std::allocator<double> > >&, robmovil_msgs::msg::Trajectory&, nav_msgs::msg::Path&)[m[Kâ€™:
[3.609s] [01m[K/root/ros2_ws/src/robotica/lazo_abierto/src/trajectory_generator_node.cpp:187:44:[m[K [01;31m[Kerror: [m[Kinvalid type argument of unary â€˜[01m[K*[m[Kâ€™ (have â€˜[01m[Kint[m[Kâ€™)
[3.609s]   187 |     double a2 = 3 * (xb - xa) / final_time*[01;31m[K*2[m[K - 2 * v_x_a / final_time - v_x_b / final_time;
[3.609s]       |                                            [01;31m[K^~[m[K
[3.609s] [01m[K/root/ros2_ws/src/robotica/lazo_abierto/src/trajectory_generator_node.cpp:188:44:[m[K [01;31m[Kerror: [m[Kinvalid type argument of unary â€˜[01m[K*[m[Kâ€™ (have â€˜[01m[Kint[m[Kâ€™)
[3.611s]   188 |     double a3 = -2 * (xb - xa) /final_time*[01;31m[K*3[m[K  + (v_x_b - v_x_a) / final_time**2;
[3.611s]       |                                            [01;31m[K^~[m[K
[3.611s] [01m[K/root/ros2_ws/src/robotica/lazo_abierto/src/trajectory_generator_node.cpp:188:79:[m[K [01;31m[Kerror: [m[Kinvalid type argument of unary â€˜[01m[K*[m[Kâ€™ (have â€˜[01m[Kint[m[Kâ€™)
[3.611s]   188 |     double a3 = -2 * (xb - xa) /final_time**3  + (v_x_b - v_x_a) / final_time*[01;31m[K*2[m[K;
[3.611s]       |                                                                               [01;31m[K^~[m[K
[3.611s] [01m[K/root/ros2_ws/src/robotica/lazo_abierto/src/trajectory_generator_node.cpp:191:44:[m[K [01;31m[Kerror: [m[Kinvalid type argument of unary â€˜[01m[K*[m[Kâ€™ (have â€˜[01m[Kint[m[Kâ€™)
[3.611s]   191 |     double b2 = 3 * (yb - ya) / final_time*[01;31m[K*2[m[K - 2 * v_y_a / final_time - v_y_b / final_time;
[3.611s]       |                                            [01;31m[K^~[m[K
[3.611s] [01m[K/root/ros2_ws/src/robotica/lazo_abierto/src/trajectory_generator_node.cpp:192:44:[m[K [01;31m[Kerror: [m[Kinvalid type argument of unary â€˜[01m[K*[m[Kâ€™ (have â€˜[01m[Kint[m[Kâ€™)
[3.612s]   192 |     double b3 = -2 * (yb - ya) /final_time*[01;31m[K*3[m[K  + (v_y_b - v_y_a) / final_time**2;
[3.612s]       |                                            [01;31m[K^~[m[K
[3.612s] [01m[K/root/ros2_ws/src/robotica/lazo_abierto/src/trajectory_generator_node.cpp:192:79:[m[K [01;31m[Kerror: [m[Kinvalid type argument of unary â€˜[01m[K*[m[Kâ€™ (have â€˜[01m[Kint[m[Kâ€™)
[3.612s]   192 |     double b3 = -2 * (yb - ya) /final_time**3  + (v_y_b - v_y_a) / final_time*[01;31m[K*2[m[K;
[3.612s]       |                                                                               [01;31m[K^~[m[K
[3.612s] [01m[K/root/ros2_ws/src/robotica/lazo_abierto/src/trajectory_generator_node.cpp:195:52:[m[K [01;31m[Kerror: [m[Kinvalid type argument of unary â€˜[01m[K*[m[Kâ€™ (have â€˜[01m[Kint[m[Kâ€™)
[3.612s]   195 |     double c2 = 3 * (thetab - thetaa) / final_time*[01;31m[K*2[m[K - 2 * w_a / final_time - w_b / final_time;
[3.612s]       |                                                    [01;31m[K^~[m[K
[3.612s] [01m[K/root/ros2_ws/src/robotica/lazo_abierto/src/trajectory_generator_node.cpp:196:52:[m[K [01;31m[Kerror: [m[Kinvalid type argument of unary â€˜[01m[K*[m[Kâ€™ (have â€˜[01m[Kint[m[Kâ€™)
[3.612s]   196 |     double c3 = -2 * (thetab - thetaa) /final_time*[01;31m[K*3[m[K  + (w_b - w_a) / final_time**2;
[3.612s]       |                                                    [01;31m[K^~[m[K
[3.612s] [01m[K/root/ros2_ws/src/robotica/lazo_abierto/src/trajectory_generator_node.cpp:196:83:[m[K [01;31m[Kerror: [m[Kinvalid type argument of unary â€˜[01m[K*[m[Kâ€™ (have â€˜[01m[Kint[m[Kâ€™)
[3.613s]   196 |     double c3 = -2 * (thetab - thetaa) /final_time**3  + (w_b - w_a) / final_time*[01;31m[K*2[m[K;
[3.613s]       |                                                                                   [01;31m[K^~[m[K
[3.613s] [01m[K/root/ros2_ws/src/robotica/lazo_abierto/src/trajectory_generator_node.cpp:220:18:[m[K [01;31m[Kerror: [m[Kâ€˜[01m[Kangles[m[Kâ€™ has not been declared
[3.613s]   220 |       double a = [01;31m[Kangles[m[K::normalize_angle(
[3.613s]       |                  [01;31m[K^~~~~~[m[K
[3.613s] [01m[K/root/ros2_ws/src/robotica/lazo_abierto/src/trajectory_generator_node.cpp:223:19:[m[K [01;31m[Kerror: [m[Kâ€˜[01m[Kangles[m[Kâ€™ has not been declared
[3.613s]   223 |       double va = [01;31m[Kangles[m[K::normalize_angle(thetab - thetaa) / delta_time;
[3.613s]       |                   [01;31m[K^~~~~~[m[K
[4.684s] gmake[2]: *** [CMakeFiles/trajectory_generator.dir/build.make:76: CMakeFiles/trajectory_generator.dir/src/trajectory_generator_node.cpp.o] Error 1
[4.684s] gmake[1]: *** [CMakeFiles/Makefile2:193: CMakeFiles/trajectory_generator.dir/all] Error 2
[4.684s] gmake[1]: *** Waiting for unfinished jobs....
[9.454s] [ 42%] [32m[1mLinking CXX static library libtrajectory_controller.a[0m
[9.626s] [ 42%] Built target trajectory_controller
[9.627s] gmake: *** [Makefile:146: all] Error 2
[9.629s] Invoked command in '/root/ros2_ws/src/robotica/build/lazo_abierto' returned '2': AMENT_PREFIX_PATH=/root/ros2_ws/src/robotica/install/robmovil_msgs:${AMENT_PREFIX_PATH} CMAKE_PREFIX_PATH=/root/ros2_ws/src/robotica/install/robmovil_msgs:/root/ros2_ws/install/sim_ros2_interface:/root/ros2_ws/install/modelo_omnidireccional:/root/ros2_ws/install/robmovil_msgs:/opt/ros/humble LD_LIBRARY_PATH=/root/ros2_ws/src/robotica/install/robmovil_msgs/lib:/root/ros2_ws/install/robmovil_msgs/lib:/usr/lib/x86_64-linux-gnu/gazebo-11/plugins:/opt/ros/humble/opt/rviz_ogre_vendor/lib:/opt/ros/humble/lib/x86_64-linux-gnu:/opt/ros/humble/lib:/usr/lib/x86_64-linux-gnu/gazebo-11/plugins PYTHONPATH=/root/ros2_ws/src/robotica/install/robmovil_msgs/local/lib/python3.10/dist-packages:${PYTHONPATH} /usr/bin/cmake --build /root/ros2_ws/src/robotica/build/lazo_abierto -- -j4 -l4
